   0  $accept : %entry% $end

   1  s : IF s t
   2    | NULL

   3  t :
   4    | ELSE s

   5  %entry% : '\001' s

state 0
	$accept : . %entry% $end  (0)

	'\001'  shift 1
	.  error

	%entry%  goto 2


state 1
	%entry% : '\001' . s  (5)

	IF  shift 3
	NULL  shift 4
	.  error

	s  goto 5


state 2
	$accept : %entry% . $end  (0)

	$end  accept


state 3
	s : IF . s t  (1)

	IF  shift 3
	NULL  shift 4
	.  error

	s  goto 6


state 4
	s : NULL .  (2)

	.  reduce 2


state 5
	%entry% : '\001' s .  (5)

	.  reduce 5


6: shift/reduce conflict (shift 7, reduce 3) on ELSE
state 6
	s : IF s . t  (1)
	t : .  (3)

	ELSE  shift 7
	$end  reduce 3

	t  goto 8


state 7
	t : ELSE . s  (4)

	IF  shift 3
	NULL  shift 4
	.  error

	s  goto 9


state 8
	s : IF s t .  (1)

	.  reduce 1


state 9
	t : ELSE s .  (4)

	.  reduce 4


State 6 contains 1 shift/reduce conflict.


6 terminals, 4 nonterminals
6 grammar rules, 10 states
